{"/Users/alisuliman/Business/income/Apps/Whenbee/src/engine/constants.ts": {"path":"/Users/alisuliman/Business/income/Apps/Whenbee/src/engine/constants.ts","statementMap":{"0":{"start":{"line":4,"column":27},"end":{"line":4,"column":32}},"1":{"start":{"line":5,"column":26},"end":{"line":5,"column":27}},"2":{"start":{"line":7,"column":34},"end":{"line":7,"column":35}},"3":{"start":{"line":8,"column":28},"end":{"line":8,"column":31}},"4":{"start":{"line":9,"column":34},"end":{"line":9,"column":35}},"5":{"start":{"line":10,"column":33},"end":{"line":10,"column":34}},"6":{"start":{"line":13,"column":58},"end":{"line":17,"column":1}},"7":{"start":{"line":18,"column":34},"end":{"line":18,"column":37}},"8":{"start":{"line":21,"column":32},"end":{"line":21,"column":33}},"9":{"start":{"line":22,"column":38},"end":{"line":22,"column":92}},"10":{"start":{"line":23,"column":50},"end":{"line":23,"column":69}},"11":{"start":{"line":24,"column":33},"end":{"line":24,"column":34}},"12":{"start":{"line":27,"column":32},"end":{"line":27,"column":33}},"13":{"start":{"line":28,"column":31},"end":{"line":28,"column":34}},"14":{"start":{"line":29,"column":37},"end":{"line":29,"column":38}},"15":{"start":{"line":32,"column":38},"end":{"line":32,"column":41}}},"fnMap":{},"branchMap":{},"s":{"0":1,"1":1,"2":1,"3":1,"4":1,"5":1,"6":1,"7":1,"8":1,"9":1,"10":1,"11":1,"12":1,"13":1,"14":1,"15":1},"f":{},"b":{},"_coverageSchema":"1a1c01bbd47fc00a2c39e90264f33305004495a9","hash":"4ffd676ed2f9d3327c1e91665037f0907365f02d"}
,"/Users/alisuliman/Business/income/Apps/Whenbee/src/engine/ewma.ts": {"path":"/Users/alisuliman/Business/income/Apps/Whenbee/src/engine/ewma.ts","statementMap":{"0":{"start":{"line":6,"column":15},"end":{"line":6,"column":36}},"1":{"start":{"line":7,"column":2},"end":{"line":7,"column":63}},"2":{"start":{"line":17,"column":2},"end":{"line":17,"column":65}}},"fnMap":{"0":{"name":"alphaFor","decl":{"start":{"line":5,"column":16},"end":{"line":5,"column":24}},"loc":{"start":{"line":5,"column":71},"end":{"line":8,"column":1}},"line":5},"1":{"name":"updateEwma","decl":{"start":{"line":16,"column":16},"end":{"line":16,"column":26}},"loc":{"start":{"line":16,"column":90},"end":{"line":18,"column":1}},"line":16}},"branchMap":{"0":{"loc":{"start":{"line":7,"column":9},"end":{"line":7,"column":62}},"type":"cond-expr","locations":[{"start":{"line":7,"column":30},"end":{"line":7,"column":55}},{"start":{"line":7,"column":58},"end":{"line":7,"column":62}}],"line":7}},"s":{"0":4,"1":4,"2":4},"f":{"0":4,"1":4},"b":{"0":[1,3]},"_coverageSchema":"1a1c01bbd47fc00a2c39e90264f33305004495a9","hash":"b5e50a4191ac3fa21267b4779803cb7e4e972387"}
,"/Users/alisuliman/Business/income/Apps/Whenbee/src/engine/index.ts": {"path":"/Users/alisuliman/Business/income/Apps/Whenbee/src/engine/index.ts","statementMap":{},"fnMap":{},"branchMap":{},"s":{},"f":{},"b":{}}
,"/Users/alisuliman/Business/income/Apps/Whenbee/src/engine/insight.ts": {"path":"/Users/alisuliman/Business/income/Apps/Whenbee/src/engine/insight.ts","statementMap":{"0":{"start":{"line":5,"column":2},"end":{"line":5,"column":36}},"1":{"start":{"line":5,"column":27},"end":{"line":5,"column":36}},"2":{"start":{"line":6,"column":15},"end":{"line":6,"column":64}},"3":{"start":{"line":6,"column":39},"end":{"line":6,"column":44}},"4":{"start":{"line":7,"column":2},"end":{"line":7,"column":77}},"5":{"start":{"line":7,"column":35},"end":{"line":7,"column":56}},"6":{"start":{"line":12,"column":12},"end":{"line":12,"column":33}},"7":{"start":{"line":13,"column":2},"end":{"line":13,"column":52}},"8":{"start":{"line":13,"column":39},"end":{"line":13,"column":52}},"9":{"start":{"line":14,"column":16},"end":{"line":14,"column":44}},"10":{"start":{"line":15,"column":15},"end":{"line":15,"column":41}},"11":{"start":{"line":16,"column":2},"end":{"line":16,"column":42}},"12":{"start":{"line":33,"column":21},"end":{"line":33,"column":64}},"13":{"start":{"line":34,"column":2},"end":{"line":34,"column":91}},"14":{"start":{"line":34,"column":79},"end":{"line":34,"column":91}},"15":{"start":{"line":36,"column":27},"end":{"line":36,"column":54}},"16":{"start":{"line":37,"column":17},"end":{"line":37,"column":38}},"17":{"start":{"line":38,"column":2},"end":{"line":43,"column":4}}},"fnMap":{"0":{"name":"variance","decl":{"start":{"line":4,"column":9},"end":{"line":4,"column":17}},"loc":{"start":{"line":4,"column":44},"end":{"line":8,"column":1}},"line":4},"1":{"name":"(anonymous_1)","decl":{"start":{"line":6,"column":29},"end":{"line":6,"column":30}},"loc":{"start":{"line":6,"column":39},"end":{"line":6,"column":44}},"line":6},"2":{"name":"(anonymous_2)","decl":{"start":{"line":7,"column":23},"end":{"line":7,"column":24}},"loc":{"start":{"line":7,"column":35},"end":{"line":7,"column":56}},"line":7},"3":{"name":"isStabilizing","decl":{"start":{"line":11,"column":9},"end":{"line":11,"column":22}},"loc":{"start":{"line":11,"column":60},"end":{"line":17,"column":1}},"line":11},"4":{"name":"detectInsight","decl":{"start":{"line":32,"column":16},"end":{"line":32,"column":29}},"loc":{"start":{"line":32,"column":109},"end":{"line":44,"column":1}},"line":32}},"branchMap":{"0":{"loc":{"start":{"line":5,"column":2},"end":{"line":5,"column":36}},"type":"if","locations":[{"start":{"line":5,"column":2},"end":{"line":5,"column":36}},{"start":{},"end":{}}],"line":5},"1":{"loc":{"start":{"line":13,"column":2},"end":{"line":13,"column":52}},"type":"if","locations":[{"start":{"line":13,"column":2},"end":{"line":13,"column":52}},{"start":{},"end":{}}],"line":13},"2":{"loc":{"start":{"line":34,"column":2},"end":{"line":34,"column":91}},"type":"if","locations":[{"start":{"line":34,"column":2},"end":{"line":34,"column":91}},{"start":{},"end":{}}],"line":34},"3":{"loc":{"start":{"line":34,"column":6},"end":{"line":34,"column":77}},"type":"binary-expr","locations":[{"start":{"line":34,"column":6},"end":{"line":34,"column":26}},{"start":{"line":34,"column":30},"end":{"line":34,"column":41}},{"start":{"line":34,"column":45},"end":{"line":34,"column":77}}],"line":34}},"s":{"0":2,"1":0,"2":2,"3":8,"4":2,"5":8,"6":1,"7":1,"8":0,"9":1,"10":1,"11":1,"12":2,"13":2,"14":1,"15":1,"16":1,"17":1},"f":{"0":2,"1":8,"2":8,"3":1,"4":2},"b":{"0":[0,2],"1":[0,1],"2":[1,1],"3":[2,2,1]},"_coverageSchema":"1a1c01bbd47fc00a2c39e90264f33305004495a9","hash":"18e871b329b67260735b307674d9438dcc9c9adb"}
,"/Users/alisuliman/Business/income/Apps/Whenbee/src/engine/multiplier.ts": {"path":"/Users/alisuliman/Business/income/Apps/Whenbee/src/engine/multiplier.ts","statementMap":{"0":{"start":{"line":9,"column":12},"end":{"line":9,"column":30}},"1":{"start":{"line":10,"column":21},"end":{"line":10,"column":66}},"2":{"start":{"line":11,"column":2},"end":{"line":11,"column":30}},"3":{"start":{"line":16,"column":17},"end":{"line":16,"column":42}},"4":{"start":{"line":17,"column":2},"end":{"line":17,"column":49}},"5":{"start":{"line":22,"column":2},"end":{"line":22,"column":42}},"6":{"start":{"line":36,"column":23},"end":{"line":36,"column":80}},"7":{"start":{"line":37,"column":17},"end":{"line":37,"column":53}},"8":{"start":{"line":39,"column":21},"end":{"line":39,"column":38}},"9":{"start":{"line":40,"column":16},"end":{"line":40,"column":68}},"10":{"start":{"line":42,"column":4},"end":{"line":42,"column":95}},"11":{"start":{"line":44,"column":2},"end":{"line":51,"column":4}}},"fnMap":{"0":{"name":"blendWithPrior","decl":{"start":{"line":8,"column":16},"end":{"line":8,"column":30}},"loc":{"start":{"line":8,"column":82},"end":{"line":12,"column":1}},"line":8},"1":{"name":"honestNumber","decl":{"start":{"line":15,"column":16},"end":{"line":15,"column":28}},"loc":{"start":{"line":15,"column":79},"end":{"line":18,"column":1}},"line":15},"2":{"name":"recurringHasEnoughData","decl":{"start":{"line":21,"column":16},"end":{"line":21,"column":38}},"loc":{"start":{"line":21,"column":68},"end":{"line":23,"column":1}},"line":21},"3":{"name":"resolveSuggestion","decl":{"start":{"line":35,"column":16},"end":{"line":35,"column":33}},"loc":{"start":{"line":35,"column":107},"end":{"line":52,"column":1}},"line":35}},"branchMap":{"0":{"loc":{"start":{"line":36,"column":23},"end":{"line":36,"column":80}},"type":"binary-expr","locations":[{"start":{"line":36,"column":23},"end":{"line":36,"column":41}},{"start":{"line":36,"column":45},"end":{"line":36,"column":80}}],"line":36},"1":{"loc":{"start":{"line":37,"column":17},"end":{"line":37,"column":53}},"type":"cond-expr","locations":[{"start":{"line":37,"column":32},"end":{"line":37,"column":42}},{"start":{"line":37,"column":45},"end":{"line":37,"column":53}}],"line":37},"2":{"loc":{"start":{"line":40,"column":16},"end":{"line":40,"column":68}},"type":"cond-expr","locations":[{"start":{"line":40,"column":48},"end":{"line":40,"column":58}},{"start":{"line":40,"column":61},"end":{"line":40,"column":68}}],"line":40},"3":{"loc":{"start":{"line":42,"column":4},"end":{"line":42,"column":95}},"type":"cond-expr","locations":[{"start":{"line":42,"column":27},"end":{"line":42,"column":65}},{"start":{"line":42,"column":68},"end":{"line":42,"column":95}}],"line":42}},"s":{"0":11,"1":11,"2":11,"3":5,"4":5,"5":2,"6":3,"7":3,"8":3,"9":3,"10":3,"11":3},"f":{"0":11,"1":5,"2":2,"3":3},"b":{"0":[3,2],"1":[1,2],"2":[2,1],"3":[2,1]},"_coverageSchema":"1a1c01bbd47fc00a2c39e90264f33305004495a9","hash":"9033bb6e16c2f7c8a9fb3a69f0f41f2e01794f7e"}
,"/Users/alisuliman/Business/income/Apps/Whenbee/src/engine/priors.ts": {"path":"/Users/alisuliman/Business/income/Apps/Whenbee/src/engine/priors.ts","statementMap":{"0":{"start":{"line":8,"column":55},"end":{"line":19,"column":1}},"1":{"start":{"line":22,"column":54},"end":{"line":33,"column":1}},"2":{"start":{"line":37,"column":2},"end":{"line":37,"column":53}}},"fnMap":{"0":{"name":"priorFor","decl":{"start":{"line":36,"column":16},"end":{"line":36,"column":24}},"loc":{"start":{"line":36,"column":53},"end":{"line":38,"column":1}},"line":36}},"branchMap":{"0":{"loc":{"start":{"line":37,"column":9},"end":{"line":37,"column":52}},"type":"binary-expr","locations":[{"start":{"line":37,"column":9},"end":{"line":37,"column":36}},{"start":{"line":37,"column":40},"end":{"line":37,"column":52}}],"line":37}},"s":{"0":1,"1":1,"2":3},"f":{"0":3},"b":{"0":[3,1]},"_coverageSchema":"1a1c01bbd47fc00a2c39e90264f33305004495a9","hash":"127cf2f5b819f8c0b5031bb6aa1ab63bdce66cae"}
,"/Users/alisuliman/Business/income/Apps/Whenbee/src/engine/ratio.ts": {"path":"/Users/alisuliman/Business/income/Apps/Whenbee/src/engine/ratio.ts","statementMap":{"0":{"start":{"line":5,"column":2},"end":{"line":5,"column":74}},"1":{"start":{"line":5,"column":24},"end":{"line":5,"column":74}},"2":{"start":{"line":6,"column":14},"end":{"line":6,"column":37}},"3":{"start":{"line":7,"column":2},"end":{"line":7,"column":58}}},"fnMap":{"0":{"name":"clampRatio","decl":{"start":{"line":4,"column":16},"end":{"line":4,"column":26}},"loc":{"start":{"line":4,"column":75},"end":{"line":8,"column":1}},"line":4}},"branchMap":{"0":{"loc":{"start":{"line":5,"column":2},"end":{"line":5,"column":74}},"type":"if","locations":[{"start":{"line":5,"column":2},"end":{"line":5,"column":74}},{"start":{},"end":{}}],"line":5}},"s":{"0":7,"1":1,"2":6,"3":6},"f":{"0":7},"b":{"0":[1,6]},"_coverageSchema":"1a1c01bbd47fc00a2c39e90264f33305004495a9","hash":"ceac6e62a7e16534715229890e3b8944e7f0a471"}
,"/Users/alisuliman/Business/income/Apps/Whenbee/src/engine/sharpness.ts": {"path":"/Users/alisuliman/Business/income/Apps/Whenbee/src/engine/sharpness.ts","statementMap":{"0":{"start":{"line":10,"column":2},"end":{"line":10,"column":43}},"1":{"start":{"line":10,"column":34},"end":{"line":10,"column":43}},"2":{"start":{"line":11,"column":17},"end":{"line":11,"column":55}},"3":{"start":{"line":12,"column":17},"end":{"line":12,"column":68}},"4":{"start":{"line":12,"column":35},"end":{"line":12,"column":67}},"5":{"start":{"line":13,"column":20},"end":{"line":13,"column":69}},"6":{"start":{"line":13,"column":44},"end":{"line":13,"column":49}},"7":{"start":{"line":14,"column":2},"end":{"line":14,"column":43}},"8":{"start":{"line":19,"column":12},"end":{"line":19,"column":13}},"9":{"start":{"line":20,"column":2},"end":{"line":22,"column":3}},"10":{"start":{"line":20,"column":15},"end":{"line":20,"column":16}},"11":{"start":{"line":21,"column":4},"end":{"line":21,"column":49}},"12":{"start":{"line":21,"column":41},"end":{"line":21,"column":49}},"13":{"start":{"line":23,"column":2},"end":{"line":23,"column":20}},"14":{"start":{"line":28,"column":15},"end":{"line":28,"column":33}},"15":{"start":{"line":29,"column":14},"end":{"line":29,"column":33}},"16":{"start":{"line":30,"column":2},"end":{"line":30,"column":40}},"17":{"start":{"line":30,"column":31},"end":{"line":30,"column":40}},"18":{"start":{"line":31,"column":15},"end":{"line":31,"column":51}},"19":{"start":{"line":32,"column":2},"end":{"line":32,"column":58}}},"fnMap":{"0":{"name":"sharpnessFromWindow","decl":{"start":{"line":9,"column":16},"end":{"line":9,"column":35}},"loc":{"start":{"line":9,"column":69},"end":{"line":15,"column":1}},"line":9},"1":{"name":"(anonymous_1)","decl":{"start":{"line":12,"column":28},"end":{"line":12,"column":29}},"loc":{"start":{"line":12,"column":35},"end":{"line":12,"column":67}},"line":12},"2":{"name":"(anonymous_2)","decl":{"start":{"line":13,"column":34},"end":{"line":13,"column":35}},"loc":{"start":{"line":13,"column":44},"end":{"line":13,"column":49}},"line":13},"3":{"name":"tierFor","decl":{"start":{"line":18,"column":16},"end":{"line":18,"column":23}},"loc":{"start":{"line":18,"column":49},"end":{"line":24,"column":1}},"line":18},"4":{"name":"logsToNextTier","decl":{"start":{"line":27,"column":16},"end":{"line":27,"column":30}},"loc":{"start":{"line":27,"column":58},"end":{"line":33,"column":1}},"line":27}},"branchMap":{"0":{"loc":{"start":{"line":10,"column":2},"end":{"line":10,"column":43}},"type":"if","locations":[{"start":{"line":10,"column":2},"end":{"line":10,"column":43}},{"start":{},"end":{}}],"line":10},"1":{"loc":{"start":{"line":21,"column":4},"end":{"line":21,"column":49}},"type":"if","locations":[{"start":{"line":21,"column":4},"end":{"line":21,"column":49}},{"start":{},"end":{}}],"line":21},"2":{"loc":{"start":{"line":30,"column":2},"end":{"line":30,"column":40}},"type":"if","locations":[{"start":{"line":30,"column":2},"end":{"line":30,"column":40}},{"start":{},"end":{}}],"line":30}},"s":{"0":4,"1":1,"2":3,"3":3,"4":16,"5":3,"6":16,"7":3,"8":6,"9":6,"10":6,"11":30,"12":19,"13":6,"14":2,"15":2,"16":2,"17":1,"18":1,"19":1},"f":{"0":4,"1":16,"2":16,"3":6,"4":2},"b":{"0":[1,3],"1":[19,11],"2":[1,1]},"_coverageSchema":"1a1c01bbd47fc00a2c39e90264f33305004495a9","hash":"552110ca90415ef4ff2ce8846495c0df659862d8"}
,"/Users/alisuliman/Business/income/Apps/Whenbee/src/engine/trend.ts": {"path":"/Users/alisuliman/Business/income/Apps/Whenbee/src/engine/trend.ts","statementMap":{"0":{"start":{"line":16,"column":13},"end":{"line":16,"column":14}},"1":{"start":{"line":17,"column":10},"end":{"line":17,"column":11}},"2":{"start":{"line":18,"column":17},"end":{"line":22,"column":4}},"3":{"start":{"line":19,"column":4},"end":{"line":19,"column":69}},"4":{"start":{"line":20,"column":4},"end":{"line":20,"column":11}},"5":{"start":{"line":21,"column":4},"end":{"line":21,"column":80}},"6":{"start":{"line":25,"column":15},"end":{"line":25,"column":99}},"7":{"start":{"line":26,"column":18},"end":{"line":26,"column":74}},"8":{"start":{"line":27,"column":2},"end":{"line":27,"column":29}}},"fnMap":{"0":{"name":"buildTrendSeries","decl":{"start":{"line":15,"column":16},"end":{"line":15,"column":32}},"loc":{"start":{"line":15,"column":76},"end":{"line":28,"column":1}},"line":15},"1":{"name":"(anonymous_1)","decl":{"start":{"line":18,"column":27},"end":{"line":18,"column":28}},"loc":{"start":{"line":18,"column":34},"end":{"line":22,"column":3}},"line":18}},"branchMap":{"0":{"loc":{"start":{"line":25,"column":15},"end":{"line":25,"column":99}},"type":"cond-expr","locations":[{"start":{"line":25,"column":36},"end":{"line":25,"column":95}},{"start":{"line":25,"column":98},"end":{"line":25,"column":99}}],"line":25},"1":{"loc":{"start":{"line":26,"column":18},"end":{"line":26,"column":74}},"type":"cond-expr","locations":[{"start":{"line":26,"column":50},"end":{"line":26,"column":63}},{"start":{"line":26,"column":66},"end":{"line":26,"column":74}}],"line":26}},"s":{"0":1,"1":1,"2":1,"3":6,"4":6,"5":6,"6":1,"7":1,"8":1},"f":{"0":1,"1":6},"b":{"0":[1,0],"1":[1,0]},"_coverageSchema":"1a1c01bbd47fc00a2c39e90264f33305004495a9","hash":"0cffebe3f55e403fff9b57d932ef6948fdd7a195"}
,"/Users/alisuliman/Business/income/Apps/Whenbee/src/engine/update.ts": {"path":"/Users/alisuliman/Business/income/Apps/Whenbee/src/engine/update.ts","statementMap":{"0":{"start":{"line":45,"column":23},"end":{"line":45,"column":69}},"1":{"start":{"line":49,"column":2},"end":{"line":57,"column":3}},"2":{"start":{"line":50,"column":4},"end":{"line":56,"column":6}},"3":{"start":{"line":59,"column":16},"end":{"line":59,"column":56}},"4":{"start":{"line":61,"column":18},"end":{"line":61,"column":73}},"5":{"start":{"line":62,"column":15},"end":{"line":62,"column":35}},"6":{"start":{"line":63,"column":15},"end":{"line":63,"column":57}},"7":{"start":{"line":65,"column":18},"end":{"line":65,"column":33}},"8":{"start":{"line":66,"column":2},"end":{"line":70,"column":3}},"9":{"start":{"line":67,"column":20},"end":{"line":67,"column":70}},"10":{"start":{"line":68,"column":17},"end":{"line":68,"column":32}},"11":{"start":{"line":69,"column":4},"end":{"line":69,"column":102}},"12":{"start":{"line":72,"column":17},"end":{"line":72,"column":61}},"13":{"start":{"line":73,"column":23},"end":{"line":73,"column":50}},"14":{"start":{"line":74,"column":20},"end":{"line":74,"column":68}},"15":{"start":{"line":76,"column":2},"end":{"line":82,"column":4}}},"fnMap":{"0":{"name":"applyLog","decl":{"start":{"line":44,"column":16},"end":{"line":44,"column":24}},"loc":{"start":{"line":44,"column":63},"end":{"line":83,"column":1}},"line":44}},"branchMap":{"0":{"loc":{"start":{"line":49,"column":2},"end":{"line":57,"column":3}},"type":"if","locations":[{"start":{"line":49,"column":2},"end":{"line":57,"column":3}},{"start":{},"end":{}}],"line":49},"1":{"loc":{"start":{"line":66,"column":2},"end":{"line":70,"column":3}},"type":"if","locations":[{"start":{"line":66,"column":2},"end":{"line":70,"column":3}},{"start":{},"end":{}}],"line":66}},"s":{"0":3,"1":3,"2":1,"3":2,"4":2,"5":2,"6":2,"7":2,"8":2,"9":1,"10":1,"11":1,"12":2,"13":2,"14":2,"15":2},"f":{"0":3},"b":{"0":[1,2],"1":[1,1]},"_coverageSchema":"1a1c01bbd47fc00a2c39e90264f33305004495a9","hash":"3af563ea8db64539af19214ad77652c191d70eff"}
}
