TN:
SF:src/engine/constants.ts
FNF:0
FNH:0
DA:4,1
DA:5,1
DA:7,1
DA:8,1
DA:9,1
DA:10,1
DA:13,1
DA:18,1
DA:21,1
DA:22,1
DA:23,1
DA:24,1
DA:27,1
DA:28,1
DA:29,1
DA:32,1
LF:16
LH:16
BRF:0
BRH:0
end_of_record
TN:
SF:src/engine/ewma.ts
FN:5,alphaFor
FN:16,updateEwma
FNF:2
FNH:2
FNDA:4,alphaFor
FNDA:4,updateEwma
DA:6,4
DA:7,4
DA:17,4
LF:3
LH:3
BRDA:7,0,0,1
BRDA:7,0,1,3
BRF:2
BRH:2
end_of_record
TN:
SF:src/engine/index.ts
FNF:0
FNH:0
LF:0
LH:0
BRF:0
BRH:0
end_of_record
TN:
SF:src/engine/insight.ts
FN:4,variance
FN:6,(anonymous_1)
FN:7,(anonymous_2)
FN:11,isStabilizing
FN:32,detectInsight
FNF:5
FNH:5
FNDA:2,variance
FNDA:8,(anonymous_1)
FNDA:8,(anonymous_2)
FNDA:1,isStabilizing
FNDA:2,detectInsight
DA:5,2
DA:6,8
DA:7,8
DA:12,1
DA:13,1
DA:14,1
DA:15,1
DA:16,1
DA:33,2
DA:34,2
DA:36,1
DA:37,1
DA:38,1
LF:13
LH:13
BRDA:5,0,0,0
BRDA:5,0,1,2
BRDA:13,1,0,0
BRDA:13,1,1,1
BRDA:34,2,0,1
BRDA:34,2,1,1
BRDA:34,3,0,2
BRDA:34,3,1,2
BRDA:34,3,2,1
BRF:9
BRH:7
end_of_record
TN:
SF:src/engine/multiplier.ts
FN:8,blendWithPrior
FN:15,honestNumber
FN:21,recurringHasEnoughData
FN:35,resolveSuggestion
FNF:4
FNH:4
FNDA:11,blendWithPrior
FNDA:5,honestNumber
FNDA:2,recurringHasEnoughData
FNDA:3,resolveSuggestion
DA:9,11
DA:10,11
DA:11,11
DA:16,5
DA:17,5
DA:22,2
DA:36,3
DA:37,3
DA:39,3
DA:40,3
DA:42,3
DA:44,3
LF:12
LH:12
BRDA:36,0,0,3
BRDA:36,0,1,2
BRDA:37,1,0,1
BRDA:37,1,1,2
BRDA:40,2,0,2
BRDA:40,2,1,1
BRDA:42,3,0,2
BRDA:42,3,1,1
BRF:8
BRH:8
end_of_record
TN:
SF:src/engine/priors.ts
FN:36,priorFor
FNF:1
FNH:1
FNDA:3,priorFor
DA:8,1
DA:22,1
DA:37,3
LF:3
LH:3
BRDA:37,0,0,3
BRDA:37,0,1,1
BRF:2
BRH:2
end_of_record
TN:
SF:src/engine/ratio.ts
FN:4,clampRatio
FNF:1
FNH:1
FNDA:7,clampRatio
DA:5,7
DA:6,6
DA:7,6
LF:3
LH:3
BRDA:5,0,0,1
BRDA:5,0,1,6
BRF:2
BRH:2
end_of_record
TN:
SF:src/engine/sharpness.ts
FN:9,sharpnessFromWindow
FN:12,(anonymous_1)
FN:13,(anonymous_2)
FN:18,tierFor
FN:27,logsToNextTier
FNF:5
FNH:5
FNDA:4,sharpnessFromWindow
FNDA:16,(anonymous_1)
FNDA:16,(anonymous_2)
FNDA:6,tierFor
FNDA:2,logsToNextTier
DA:10,4
DA:11,3
DA:12,16
DA:13,16
DA:14,3
DA:19,6
DA:20,6
DA:21,30
DA:23,6
DA:28,2
DA:29,2
DA:30,2
DA:31,1
DA:32,1
LF:14
LH:14
BRDA:10,0,0,1
BRDA:10,0,1,3
BRDA:21,1,0,19
BRDA:21,1,1,11
BRDA:30,2,0,1
BRDA:30,2,1,1
BRF:6
BRH:6
end_of_record
TN:
SF:src/engine/trend.ts
FN:15,buildTrendSeries
FN:18,(anonymous_1)
FNF:2
FNH:2
FNDA:1,buildTrendSeries
FNDA:6,(anonymous_1)
DA:16,1
DA:17,1
DA:18,1
DA:19,6
DA:20,6
DA:21,6
DA:25,1
DA:26,1
DA:27,1
LF:9
LH:9
BRDA:25,0,0,1
BRDA:25,0,1,0
BRDA:26,1,0,1
BRDA:26,1,1,0
BRF:4
BRH:2
end_of_record
TN:
SF:src/engine/update.ts
FN:44,applyLog
FNF:1
FNH:1
FNDA:3,applyLog
DA:45,3
DA:49,3
DA:50,1
DA:59,2
DA:61,2
DA:62,2
DA:63,2
DA:65,2
DA:66,2
DA:67,1
DA:68,1
DA:69,1
DA:72,2
DA:73,2
DA:74,2
DA:76,2
LF:16
LH:16
BRDA:49,0,0,1
BRDA:49,0,1,2
BRDA:66,1,0,1
BRDA:66,1,1,1
BRF:4
BRH:4
end_of_record
